Determining if the pthread_create exist failed with the following output:
Change Dir: /home/puzzlebot/agrobot_ws/build/rviz_simulation/CMakeFiles/CMakeTmp

Run Build Command:"/usr/bin/make" "cmTC_a3fc4/fast"
/usr/bin/make -f CMakeFiles/cmTC_a3fc4.dir/build.make CMakeFiles/cmTC_a3fc4.dir/build
make[1]: Entering directory '/home/puzzlebot/agrobot_ws/build/rviz_simulation/CMakeFiles/CMakeTmp'
Building C object CMakeFiles/cmTC_a3fc4.dir/CheckSymbolExists.c.o
/usr/bin/cc    -o CMakeFiles/cmTC_a3fc4.dir/CheckSymbolExists.c.o   -c /home/puzzlebot/agrobot_ws/build/rviz_simulation/CMakeFiles/CMakeTmp/CheckSymbolExists.c
Linking C executable cmTC_a3fc4
/usr/bin/cmake -E cmake_link_script CMakeFiles/cmTC_a3fc4.dir/link.txt --verbose=1
/usr/bin/cc      -rdynamic CMakeFiles/cmTC_a3fc4.dir/CheckSymbolExists.c.o  -o cmTC_a3fc4 
CMakeFiles/cmTC_a3fc4.dir/CheckSymbolExists.c.o: In function `main':
CheckSymbolExists.c:(.text+0x14): undefined reference to `pthread_create'
CheckSymbolExists.c:(.text+0x18): undefined reference to `pthread_create'
collect2: error: ld returned 1 exit status
CMakeFiles/cmTC_a3fc4.dir/build.make:97: recipe for target 'cmTC_a3fc4' failed
make[1]: *** [cmTC_a3fc4] Error 1
make[1]: Leaving directory '/home/puzzlebot/agrobot_ws/build/rviz_simulation/CMakeFiles/CMakeTmp'
Makefile:126: recipe for target 'cmTC_a3fc4/fast' failed
make: *** [cmTC_a3fc4/fast] Error 2

File /home/puzzlebot/agrobot_ws/build/rviz_simulation/CMakeFiles/CMakeTmp/CheckSymbolExists.c:
/* */
#include <pthread.h>

int main(int argc, char** argv)
{
  (void)argv;
#ifndef pthread_create
  return ((int*)(&pthread_create))[argc];
#else
  (void)argc;
  return 0;
#endif
}

Determining if the function pthread_create exists in the pthreads failed with the following output:
Change Dir: /home/puzzlebot/agrobot_ws/build/rviz_simulation/CMakeFiles/CMakeTmp

Run Build Command:"/usr/bin/make" "cmTC_557b3/fast"
/usr/bin/make -f CMakeFiles/cmTC_557b3.dir/build.make CMakeFiles/cmTC_557b3.dir/build
make[1]: Entering directory '/home/puzzlebot/agrobot_ws/build/rviz_simulation/CMakeFiles/CMakeTmp'
Building C object CMakeFiles/cmTC_557b3.dir/CheckFunctionExists.c.o
/usr/bin/cc   -DCHECK_FUNCTION_EXISTS=pthread_create   -o CMakeFiles/cmTC_557b3.dir/CheckFunctionExists.c.o   -c /usr/share/cmake-3.10/Modules/CheckFunctionExists.c
Linking C executable cmTC_557b3
/usr/bin/cmake -E cmake_link_script CMakeFiles/cmTC_557b3.dir/link.txt --verbose=1
/usr/bin/cc  -DCHECK_FUNCTION_EXISTS=pthread_create    -rdynamic CMakeFiles/cmTC_557b3.dir/CheckFunctionExists.c.o  -o cmTC_557b3 -lpthreads 
/usr/bin/ld: cannot find -lpthreads
collect2: error: ld returned 1 exit status
CMakeFiles/cmTC_557b3.dir/build.make:97: recipe for target 'cmTC_557b3' failed
make[1]: *** [cmTC_557b3] Error 1
make[1]: Leaving directory '/home/puzzlebot/agrobot_ws/build/rviz_simulation/CMakeFiles/CMakeTmp'
Makefile:126: recipe for target 'cmTC_557b3/fast' failed
make: *** [cmTC_557b3/fast] Error 2


