Determining if the pthread_create exist failed with the following output:
Change Dir: /home/puzzlebot/agrobot_ws/build/puzzlebot_control/CMakeFiles/CMakeTmp

Run Build Command:"/usr/bin/make" "cmTC_bf99b/fast"
/usr/bin/make -f CMakeFiles/cmTC_bf99b.dir/build.make CMakeFiles/cmTC_bf99b.dir/build
make[1]: Entering directory '/home/puzzlebot/agrobot_ws/build/puzzlebot_control/CMakeFiles/CMakeTmp'
Building C object CMakeFiles/cmTC_bf99b.dir/CheckSymbolExists.c.o
/usr/bin/cc    -o CMakeFiles/cmTC_bf99b.dir/CheckSymbolExists.c.o   -c /home/puzzlebot/agrobot_ws/build/puzzlebot_control/CMakeFiles/CMakeTmp/CheckSymbolExists.c
Linking C executable cmTC_bf99b
/usr/bin/cmake -E cmake_link_script CMakeFiles/cmTC_bf99b.dir/link.txt --verbose=1
/usr/bin/cc      -rdynamic CMakeFiles/cmTC_bf99b.dir/CheckSymbolExists.c.o  -o cmTC_bf99b 
CMakeFiles/cmTC_bf99b.dir/CheckSymbolExists.c.o: In function `main':
CheckSymbolExists.c:(.text+0x14): undefined reference to `pthread_create'
CheckSymbolExists.c:(.text+0x18): undefined reference to `pthread_create'
collect2: error: ld returned 1 exit status
CMakeFiles/cmTC_bf99b.dir/build.make:97: recipe for target 'cmTC_bf99b' failed
make[1]: *** [cmTC_bf99b] Error 1
make[1]: Leaving directory '/home/puzzlebot/agrobot_ws/build/puzzlebot_control/CMakeFiles/CMakeTmp'
Makefile:126: recipe for target 'cmTC_bf99b/fast' failed
make: *** [cmTC_bf99b/fast] Error 2

File /home/puzzlebot/agrobot_ws/build/puzzlebot_control/CMakeFiles/CMakeTmp/CheckSymbolExists.c:
/* */
#include <pthread.h>

int main(int argc, char** argv)
{
  (void)argv;
#ifndef pthread_create
  return ((int*)(&pthread_create))[argc];
#else
  (void)argc;
  return 0;
#endif
}

Determining if the function pthread_create exists in the pthreads failed with the following output:
Change Dir: /home/puzzlebot/agrobot_ws/build/puzzlebot_control/CMakeFiles/CMakeTmp

Run Build Command:"/usr/bin/make" "cmTC_17c9b/fast"
/usr/bin/make -f CMakeFiles/cmTC_17c9b.dir/build.make CMakeFiles/cmTC_17c9b.dir/build
make[1]: Entering directory '/home/puzzlebot/agrobot_ws/build/puzzlebot_control/CMakeFiles/CMakeTmp'
Building C object CMakeFiles/cmTC_17c9b.dir/CheckFunctionExists.c.o
/usr/bin/cc   -DCHECK_FUNCTION_EXISTS=pthread_create   -o CMakeFiles/cmTC_17c9b.dir/CheckFunctionExists.c.o   -c /usr/share/cmake-3.10/Modules/CheckFunctionExists.c
Linking C executable cmTC_17c9b
/usr/bin/cmake -E cmake_link_script CMakeFiles/cmTC_17c9b.dir/link.txt --verbose=1
/usr/bin/cc  -DCHECK_FUNCTION_EXISTS=pthread_create    -rdynamic CMakeFiles/cmTC_17c9b.dir/CheckFunctionExists.c.o  -o cmTC_17c9b -lpthreads 
/usr/bin/ld: cannot find -lpthreads
collect2: error: ld returned 1 exit status
CMakeFiles/cmTC_17c9b.dir/build.make:97: recipe for target 'cmTC_17c9b' failed
make[1]: *** [cmTC_17c9b] Error 1
make[1]: Leaving directory '/home/puzzlebot/agrobot_ws/build/puzzlebot_control/CMakeFiles/CMakeTmp'
Makefile:126: recipe for target 'cmTC_17c9b/fast' failed
make: *** [cmTC_17c9b/fast] Error 2


